Using pre-set license
Built from '2020.3/staging' branch; Version is '2020.3.4f1 (0abb6314276a) revision 703331'; Using compiler version '192528614'; Build Type 'Release'
OS: 'Windows 10 Education; OS build 19042.867; Version 2009; 64bit' Language: 'en' Physical Memory: 16322 MB
BatchMode: 1, IsHumanControllingUs: 0, StartBugReporterOnCrash: 0, Is64bit: 1, IsPro: 0

 COMMAND LINE ARGUMENTS:
D:\Applications\2020.3.4f1\Editor\Unity.exe
-adb2
-batchMode
-noUpm
-name
AssetImportWorker0
-projectPath
D:/Work/Engine/EnvironmentImpactGameJam
-logFile
Logs/AssetImportWorker0.log
-srvPort
64752
Successfully changed project path to: D:/Work/Engine/EnvironmentImpactGameJam
D:/Work/Engine/EnvironmentImpactGameJam
Using Asset Import Pipeline V2.
Refreshing native plugins compatible for Editor in 25.34 ms, found 0 plugins.
Preloading 0 native plugins for Editor in 0.00 ms.
Initialize engine version: 2020.3.4f1 (0abb6314276a)
[Subsystems] Discovering subsystems at path D:/Applications/2020.3.4f1/Editor/Data/Resources/UnitySubsystems
[Subsystems] Discovering subsystems at path D:/Work/Engine/EnvironmentImpactGameJam/Assets
GfxDevice: creating device client; threaded=0
Direct3D:
    Version:  Direct3D 11.0 [level 11.1]
    Renderer: NVIDIA GeForce RTX 3070 (ID=0x2484)
    Vendor:   
    VRAM:     8043 MB
    Driver:   27.21.14.5751
Initialize mono
Mono path[0] = 'D:/Applications/2020.3.4f1/Editor/Data/Managed'
Mono path[1] = 'D:/Applications/2020.3.4f1/Editor/Data/MonoBleedingEdge/lib/mono/unityjit'
Mono config path = 'D:/Applications/2020.3.4f1/Editor/Data/MonoBleedingEdge/etc'
Using monoOptions --debugger-agent=transport=dt_socket,embedding=1,server=y,suspend=n,address=127.0.0.1:56412
Begin MonoManager ReloadAssembly
Registering precompiled unity dll's ...
Register platform support module: D:/Applications/2020.3.4f1/Editor/Data/PlaybackEngines/WebGLSupport/UnityEditor.WebGL.Extensions.dll
Register platform support module: D:/Applications/2020.3.4f1/Editor/Data/PlaybackEngines/MacStandaloneSupport/UnityEditor.OSXStandalone.Extensions.dll
Register platform support module: D:/Applications/2020.3.4f1/Editor/Data/PlaybackEngines/WindowsStandaloneSupport/UnityEditor.WindowsStandalone.Extensions.dll
Registered in 0.001284 seconds.
Native extension for WindowsStandalone target not found
Native extension for OSXStandalone target not found
Native extension for WebGL target not found
Refreshing native plugins compatible for Editor in 29.13 ms, found 0 plugins.
Preloading 0 native plugins for Editor in 0.00 ms.
Mono: successfully reloaded assembly
- Completed reload, in  1.361 seconds
Platform modules already initialized, skipping
Registering precompiled user dll's ...
Registered in 0.000486 seconds.
Begin MonoManager ReloadAssembly
Native extension for WindowsStandalone target not found
Native extension for OSXStandalone target not found
Native extension for WebGL target not found
Refreshing native plugins compatible for Editor in 25.70 ms, found 0 plugins.
Preloading 0 native plugins for Editor in 0.00 ms.
Mono: successfully reloaded assembly
- Completed reload, in  0.790 seconds
Platform modules already initialized, skipping
========================================================================
Worker process is ready to serve import requests
Launched and connected shader compiler UnityShaderCompiler.exe after 0.04 seconds
Refreshing native plugins compatible for Editor in 0.19 ms, found 0 plugins.
Preloading 0 native plugins for Editor in 0.00 ms.
Unloading 1428 Unused Serialized files (Serialized files now loaded: 0)
System memory in use before: 153.1 MB.
System memory in use after: 153.2 MB.

Unloading 11 unused Assets to reduce memory usage. Loaded Objects now: 1901.
Total: 1.676700 ms (FindLiveObjects: 0.156200 ms CreateObjectMapping: 0.113700 ms MarkObjects: 1.351100 ms  DeleteObjects: 0.054900 ms)

========================================================================
Received Import Request.
  path: Assets/Animations/PlayerAnims/Light.anim
  artifactKey: Guid(5fa8e27605826a944aaaf7dfc5caa138) Importer(815301076,1909f56bfc062723c751e8b465ee728b)
Start importing Assets/Animations/PlayerAnims/Light.anim using Guid(5fa8e27605826a944aaaf7dfc5caa138) Importer(815301076,1909f56bfc062723c751e8b465ee728b)  -> (artifact id: '6e53644049150c4fb4d7102a48ed7a2e') in 0.047925 seconds
  Import took 0.059613 seconds .

========================================================================
Received Prepare
Registering precompiled user dll's ...
Registered in 0.000506 seconds.
Begin MonoManager ReloadAssembly
Native extension for WindowsStandalone target not found
Native extension for OSXStandalone target not found
Native extension for WebGL target not found
Refreshing native plugins compatible for Editor in 0.20 ms, found 0 plugins.
Preloading 0 native plugins for Editor in 0.00 ms.
Mono: successfully reloaded assembly
- Completed reload, in  0.836 seconds
Platform modules already initialized, skipping
Refreshing native plugins compatible for Editor in 0.20 ms, found 0 plugins.
Preloading 0 native plugins for Editor in 0.00 ms.
Unloading 1409 Unused Serialized files (Serialized files now loaded: 0)
System memory in use before: 151.8 MB.
System memory in use after: 151.9 MB.

Unloading 5 unused Assets to reduce memory usage. Loaded Objects now: 1904.
Total: 1.948600 ms (FindLiveObjects: 0.127000 ms CreateObjectMapping: 0.149800 ms MarkObjects: 1.657000 ms  DeleteObjects: 0.013700 ms)

========================================================================
Received Import Request.
  Time since last request: 262.229643 seconds.
  path: Assets/Animations/ObjectAnimations/Door.controller
  artifactKey: Guid(f50368d2bf9792749a279c0de8c4c57c) Importer(815301076,1909f56bfc062723c751e8b465ee728b)
Start importing Assets/Animations/ObjectAnimations/Door.controller using Guid(f50368d2bf9792749a279c0de8c4c57c) Importer(815301076,1909f56bfc062723c751e8b465ee728b)  -> (artifact id: 'f84f2030c27e9f5dced5b8e7c9acc21c') in 0.033463 seconds
  Import took 0.050778 seconds .

========================================================================
Received Prepare
Registering precompiled user dll's ...
Registered in 0.000901 seconds.
Begin MonoManager ReloadAssembly
Native extension for WindowsStandalone target not found
Native extension for OSXStandalone target not found
Native extension for WebGL target not found
Refreshing native plugins compatible for Editor in 0.26 ms, found 0 plugins.
Preloading 0 native plugins for Editor in 0.00 ms.
Mono: successfully reloaded assembly
- Completed reload, in  1.248 seconds
Platform modules already initialized, skipping
Refreshing native plugins compatible for Editor in 1.72 ms, found 0 plugins.
Preloading 0 native plugins for Editor in 0.00 ms.
Unloading 1409 Unused Serialized files (Serialized files now loaded: 0)
System memory in use before: 151.9 MB.
System memory in use after: 152.0 MB.

Unloading 5 unused Assets to reduce memory usage. Loaded Objects now: 1907.
Total: 2.346300 ms (FindLiveObjects: 0.129700 ms CreateObjectMapping: 0.046700 ms MarkObjects: 2.141900 ms  DeleteObjects: 0.026500 ms)

========================================================================
Received Prepare
Registering precompiled user dll's ...
Registered in 0.000503 seconds.
Begin MonoManager ReloadAssembly
Native extension for WindowsStandalone target not found
Native extension for OSXStandalone target not found
Native extension for WebGL target not found
Refreshing native plugins compatible for Editor in 0.25 ms, found 0 plugins.
Preloading 0 native plugins for Editor in 0.00 ms.
Mono: successfully reloaded assembly
- Completed reload, in  0.766 seconds
Platform modules already initialized, skipping
Refreshing native plugins compatible for Editor in 0.20 ms, found 0 plugins.
Preloading 0 native plugins for Editor in 0.00 ms.
Unloading 1409 Unused Serialized files (Serialized files now loaded: 0)
System memory in use before: 151.9 MB.
System memory in use after: 152.0 MB.

Unloading 5 unused Assets to reduce memory usage. Loaded Objects now: 1910.
Total: 1.414000 ms (FindLiveObjects: 0.123100 ms CreateObjectMapping: 0.043900 ms MarkObjects: 1.233600 ms  DeleteObjects: 0.012700 ms)

========================================================================
Received Import Request.
  Time since last request: 1811.137676 seconds.
  path: Assets/Materials/water.png
  artifactKey: Guid(fc7685537b894a64c91c44f0c1324de5) Importer(815301076,1909f56bfc062723c751e8b465ee728b)
Start importing Assets/Materials/water.png using Guid(fc7685537b894a64c91c44f0c1324de5) Importer(815301076,1909f56bfc062723c751e8b465ee728b)  -> (artifact id: '0c5cdbb2162455153d78e04f06cb2bf8') in 0.095682 seconds
  Import took 0.098721 seconds .

========================================================================
Received Import Request.
  Time since last request: 8.228548 seconds.
  path: Assets/Materials/Materials/water.mat
  artifactKey: Guid(20745d9ea1b56214d942e55f51e50f33) Importer(815301076,1909f56bfc062723c751e8b465ee728b)
Start importing Assets/Materials/Materials/water.mat using Guid(20745d9ea1b56214d942e55f51e50f33) Importer(815301076,1909f56bfc062723c751e8b465ee728b)  -> (artifact id: '7654f631468b71fb8eef212a2977795a') in 0.240465 seconds
  Import took 0.300427 seconds .

========================================================================
Received Import Request.
  Time since last request: 1944.158379 seconds.
  path: ProjectSettings/TagManager.asset
  artifactKey: Guid(00000000000000003000000000000000) Importer(815301076,1909f56bfc062723c751e8b465ee728b)
Start importing ProjectSettings/TagManager.asset using Guid(00000000000000003000000000000000) Importer(815301076,1909f56bfc062723c751e8b465ee728b)  -> (artifact id: 'f92cf815b8d5b558ab01c3d855828688') in 0.019558 seconds
  Import took 0.034085 seconds .

========================================================================
Received Import Request.
  Time since last request: 2714.100014 seconds.
  path: Assets/Animations/ObjectAnimations/DoorMove.anim
  artifactKey: Guid(6ca5f0872647a644eb24fa5d50917b1b) Importer(815301076,1909f56bfc062723c751e8b465ee728b)
Start importing Assets/Animations/ObjectAnimations/DoorMove.anim using Guid(6ca5f0872647a644eb24fa5d50917b1b) Importer(815301076,1909f56bfc062723c751e8b465ee728b)  -> (artifact id: '54c746f286925782cbb557f6c2b67f8b') in 0.011689 seconds
  Import took 0.015966 seconds .

========================================================================
Received Import Request.
  Time since last request: 0.007521 seconds.
  path: Assets/Animations/ObjectAnimations/DoorMove.anim
  artifactKey: Guid(6ca5f0872647a644eb24fa5d50917b1b) Importer(815301076,1909f56bfc062723c751e8b465ee728b)
Start importing Assets/Animations/ObjectAnimations/DoorMove.anim using Guid(6ca5f0872647a644eb24fa5d50917b1b) Importer(815301076,1909f56bfc062723c751e8b465ee728b)  -> (artifact id: '54c746f286925782cbb557f6c2b67f8b') in 0.007591 seconds
  Import took 0.009839 seconds .

========================================================================
Received Prepare
Registering precompiled user dll's ...
Registered in 0.000617 seconds.
Begin MonoManager ReloadAssembly
Native extension for WindowsStandalone target not found
Native extension for OSXStandalone target not found
Native extension for WebGL target not found
Refreshing native plugins compatible for Editor in 0.55 ms, found 0 plugins.
Preloading 0 native plugins for Editor in 0.00 ms.
Mono: successfully reloaded assembly
- Completed reload, in  0.833 seconds
Platform modules already initialized, skipping
Refreshing native plugins compatible for Editor in 0.20 ms, found 0 plugins.
Preloading 0 native plugins for Editor in 0.00 ms.
Unloading 1409 Unused Serialized files (Serialized files now loaded: 0)
System memory in use before: 155.2 MB.
System memory in use after: 155.3 MB.

Unloading 6 unused Assets to reduce memory usage. Loaded Objects now: 1955.
Total: 1.437700 ms (FindLiveObjects: 0.134600 ms CreateObjectMapping: 0.042700 ms MarkObjects: 1.241400 ms  DeleteObjects: 0.018100 ms)

========================================================================
Received Import Request.
  Time since last request: 6.884313 seconds.
  path: Assets/Animations/ObjectAnimations/Door1Move.anim
  artifactKey: Guid(6ca5f0872647a644eb24fa5d50917b1b) Importer(815301076,1909f56bfc062723c751e8b465ee728b)
Start importing Assets/Animations/ObjectAnimations/Door1Move.anim using Guid(6ca5f0872647a644eb24fa5d50917b1b) Importer(815301076,1909f56bfc062723c751e8b465ee728b)  -> (artifact id: '3ac24e8d12b304374d2862ea9331e862') in 0.016373 seconds
  Import took 0.079181 seconds .

========================================================================
Received Import Request.
  Time since last request: 7.525484 seconds.
  path: Assets/Animations/ObjectAnimations/Door2.controller
  artifactKey: Guid(e881a4c15ca1ef742b7e5bdd2fffe2b7) Importer(815301076,1909f56bfc062723c751e8b465ee728b)
Start importing Assets/Animations/ObjectAnimations/Door2.controller using Guid(e881a4c15ca1ef742b7e5bdd2fffe2b7) Importer(815301076,1909f56bfc062723c751e8b465ee728b)  -> (artifact id: '2f882f99f1ff194c6c3aa3cac1f6d694') in 0.011062 seconds
  Import took 0.019286 seconds .

========================================================================
Received Import Request.
  Time since last request: 7.408165 seconds.
  path: Assets/Animations/ObjectAnimations/Door2Move.anim
  artifactKey: Guid(730100bb6f16fae418ff2d0a782d8992) Importer(815301076,1909f56bfc062723c751e8b465ee728b)
Start importing Assets/Animations/ObjectAnimations/Door2Move.anim using Guid(730100bb6f16fae418ff2d0a782d8992) Importer(815301076,1909f56bfc062723c751e8b465ee728b)  -> (artifact id: 'c9b30200fd56f5c9ae258af61a9b147b') in 0.008921 seconds
  Import took 0.021888 seconds .

========================================================================
Received Import Request.
  Time since last request: 382.696998 seconds.
  path: Assets/Animations/ObjectAnimations/Door2 1.controller
  artifactKey: Guid(101b6b5b960a2134a94111e969ebec79) Importer(815301076,1909f56bfc062723c751e8b465ee728b)
Start importing Assets/Animations/ObjectAnimations/Door2 1.controller using Guid(101b6b5b960a2134a94111e969ebec79) Importer(815301076,1909f56bfc062723c751e8b465ee728b)  -> (artifact id: '20a17230ce98dcd7c3c5106b06795cfe') in 0.009102 seconds
  Import took 0.029614 seconds .

========================================================================
Received Import Request.
  Time since last request: 0.742228 seconds.
  path: Assets/Animations/ObjectAnimations/Door2Move.anim
  artifactKey: Guid(730100bb6f16fae418ff2d0a782d8992) Importer(815301076,1909f56bfc062723c751e8b465ee728b)
Start importing Assets/Animations/ObjectAnimations/Door2Move.anim using Guid(730100bb6f16fae418ff2d0a782d8992) Importer(815301076,1909f56bfc062723c751e8b465ee728b)  -> (artifact id: '77034d93e1c285d06bbc6c58acb14b79') in 0.009676 seconds
  Import took 0.012080 seconds .

========================================================================
Received Import Request.
  Time since last request: 0.000194 seconds.
  path: Assets/Animations/ObjectAnimations/Door2Move.anim
  artifactKey: Guid(730100bb6f16fae418ff2d0a782d8992) Importer(815301076,1909f56bfc062723c751e8b465ee728b)
Start importing Assets/Animations/ObjectAnimations/Door2Move.anim using Guid(730100bb6f16fae418ff2d0a782d8992) Importer(815301076,1909f56bfc062723c751e8b465ee728b)  -> (artifact id: '77034d93e1c285d06bbc6c58acb14b79') in 0.003561 seconds
  Import took 0.005985 seconds .

========================================================================
Received Import Request.
  Time since last request: 0.292569 seconds.
  path: Assets/Animations/ObjectAnimations/Door2Move 1.anim
  artifactKey: Guid(f2d76bd1b49562e41881414d304e267d) Importer(815301076,1909f56bfc062723c751e8b465ee728b)
Start importing Assets/Animations/ObjectAnimations/Door2Move 1.anim using Guid(f2d76bd1b49562e41881414d304e267d) Importer(815301076,1909f56bfc062723c751e8b465ee728b)  -> (artifact id: '440f329db77b9c53fc17b0e949395e00') in 0.012693 seconds
  Import took 0.022763 seconds .

========================================================================
Received Import Request.
  Time since last request: 0.001052 seconds.
  path: Assets/Animations/ObjectAnimations/Door2Move 1.anim
  artifactKey: Guid(f2d76bd1b49562e41881414d304e267d) Importer(815301076,1909f56bfc062723c751e8b465ee728b)
Start importing Assets/Animations/ObjectAnimations/Door2Move 1.anim using Guid(f2d76bd1b49562e41881414d304e267d) Importer(815301076,1909f56bfc062723c751e8b465ee728b)  -> (artifact id: '440f329db77b9c53fc17b0e949395e00') in 0.005900 seconds
  Import took 0.008298 seconds .

========================================================================
Received Import Request.
  Time since last request: 0.747435 seconds.
  path: Assets/Animations/ObjectAnimations/Door2 1.controller
  artifactKey: Guid(101b6b5b960a2134a94111e969ebec79) Importer(815301076,1909f56bfc062723c751e8b465ee728b)
Start importing Assets/Animations/ObjectAnimations/Door2 1.controller using Guid(101b6b5b960a2134a94111e969ebec79) Importer(815301076,1909f56bfc062723c751e8b465ee728b)  -> (artifact id: 'cdbba71cc8905bd51a52b9fa7cf394ca') in 0.003392 seconds
  Import took 0.044310 seconds .

========================================================================
Received Import Request.
  Time since last request: 2.782069 seconds.
  path: Assets/Animations/ObjectAnimations/Door3.controller
  artifactKey: Guid(101b6b5b960a2134a94111e969ebec79) Importer(815301076,1909f56bfc062723c751e8b465ee728b)
Start importing Assets/Animations/ObjectAnimations/Door3.controller using Guid(101b6b5b960a2134a94111e969ebec79) Importer(815301076,1909f56bfc062723c751e8b465ee728b)  -> (artifact id: 'b2aa2ae1a7665c7606b633a9e69c551e') in 0.006630 seconds
  Import took 0.009493 seconds .

========================================================================
Received Import Request.
  Time since last request: 7.082452 seconds.
  path: Assets/Animations/ObjectAnimations/Door3Move.anim
  artifactKey: Guid(f2d76bd1b49562e41881414d304e267d) Importer(815301076,1909f56bfc062723c751e8b465ee728b)
Start importing Assets/Animations/ObjectAnimations/Door3Move.anim using Guid(f2d76bd1b49562e41881414d304e267d) Importer(815301076,1909f56bfc062723c751e8b465ee728b)  -> (artifact id: '42b8776647dee3fda2c663a75ee2cacc') in 0.007641 seconds
  Import took 0.016903 seconds .

========================================================================
Received Prepare
Registering precompiled user dll's ...
Registered in 0.000502 seconds.
Begin MonoManager ReloadAssembly
Native extension for WindowsStandalone target not found
Native extension for OSXStandalone target not found
Native extension for WebGL target not found
Refreshing native plugins compatible for Editor in 0.20 ms, found 0 plugins.
Preloading 0 native plugins for Editor in 0.00 ms.
Mono: successfully reloaded assembly
- Completed reload, in  0.811 seconds
Platform modules already initialized, skipping
Refreshing native plugins compatible for Editor in 0.20 ms, found 0 plugins.
Preloading 0 native plugins for Editor in 0.00 ms.
Unloading 1409 Unused Serialized files (Serialized files now loaded: 0)
System memory in use before: 155.2 MB.
System memory in use after: 155.3 MB.

Unloading 5 unused Assets to reduce memory usage. Loaded Objects now: 1958.
Total: 2.168600 ms (FindLiveObjects: 0.141900 ms CreateObjectMapping: 0.043200 ms MarkObjects: 1.969900 ms  DeleteObjects: 0.012200 ms)

========================================================================
Received Prepare
Registering precompiled user dll's ...
Registered in 0.000804 seconds.
Begin MonoManager ReloadAssembly
Native extension for WindowsStandalone target not found
Native extension for OSXStandalone target not found
Native extension for WebGL target not found
Refreshing native plugins compatible for Editor in 0.27 ms, found 0 plugins.
Preloading 0 native plugins for Editor in 0.00 ms.
Mono: successfully reloaded assembly
- Completed reload, in  1.023 seconds
Platform modules already initialized, skipping
Refreshing native plugins compatible for Editor in 0.21 ms, found 0 plugins.
Preloading 0 native plugins for Editor in 0.00 ms.
Unloading 1409 Unused Serialized files (Serialized files now loaded: 0)
System memory in use before: 155.2 MB.
System memory in use after: 155.3 MB.

Unloading 5 unused Assets to reduce memory usage. Loaded Objects now: 1961.
Total: 2.332600 ms (FindLiveObjects: 0.140000 ms CreateObjectMapping: 0.050200 ms MarkObjects: 2.128600 ms  DeleteObjects: 0.012700 ms)

========================================================================
Received Prepare
Registering precompiled user dll's ...
Registered in 0.000634 seconds.
Begin MonoManager ReloadAssembly
Native extension for WindowsStandalone target not found
Native extension for OSXStandalone target not found
Native extension for WebGL target not found
Refreshing native plugins compatible for Editor in 0.20 ms, found 0 plugins.
Preloading 0 native plugins for Editor in 0.00 ms.
Mono: successfully reloaded assembly
- Completed reload, in  0.828 seconds
Platform modules already initialized, skipping
Refreshing native plugins compatible for Editor in 0.20 ms, found 0 plugins.
Preloading 0 native plugins for Editor in 0.00 ms.
Unloading 1409 Unused Serialized files (Serialized files now loaded: 0)
System memory in use before: 155.2 MB.
System memory in use after: 155.4 MB.

Unloading 5 unused Assets to reduce memory usage. Loaded Objects now: 1964.
Total: 1.460400 ms (FindLiveObjects: 0.184500 ms CreateObjectMapping: 0.049600 ms MarkObjects: 1.212900 ms  DeleteObjects: 0.012100 ms)

========================================================================
Received Prepare
Registering precompiled user dll's ...
Registered in 0.000527 seconds.
Begin MonoManager ReloadAssembly
Native extension for WindowsStandalone target not found
Native extension for OSXStandalone target not found
Native extension for WebGL target not found
Refreshing native plugins compatible for Editor in 0.21 ms, found 0 plugins.
Preloading 0 native plugins for Editor in 0.00 ms.
Mono: successfully reloaded assembly
- Completed reload, in  0.890 seconds
Platform modules already initialized, skipping
Refreshing native plugins compatible for Editor in 0.22 ms, found 0 plugins.
Preloading 0 native plugins for Editor in 0.00 ms.
Unloading 1409 Unused Serialized files (Serialized files now loaded: 0)
System memory in use before: 155.3 MB.
System memory in use after: 155.4 MB.

Unloading 5 unused Assets to reduce memory usage. Loaded Objects now: 1967.
Total: 1.670800 ms (FindLiveObjects: 0.235100 ms CreateObjectMapping: 0.107100 ms MarkObjects: 1.314900 ms  DeleteObjects: 0.012700 ms)

========================================================================
Received Prepare
Registering precompiled user dll's ...
Registered in 0.001741 seconds.
Begin MonoManager ReloadAssembly
Native extension for WindowsStandalone target not found
Native extension for OSXStandalone target not found
Native extension for WebGL target not found
Refreshing native plugins compatible for Editor in 0.20 ms, found 0 plugins.
Preloading 0 native plugins for Editor in 0.00 ms.
Mono: successfully reloaded assembly
- Completed reload, in  0.768 seconds
Platform modules already initialized, skipping
Refreshing native plugins compatible for Editor in 0.22 ms, found 0 plugins.
Preloading 0 native plugins for Editor in 0.00 ms.
Unloading 1409 Unused Serialized files (Serialized files now loaded: 0)
System memory in use before: 155.3 MB.
System memory in use after: 155.4 MB.

Unloading 5 unused Assets to reduce memory usage. Loaded Objects now: 1970.
Total: 1.385600 ms (FindLiveObjects: 0.130300 ms CreateObjectMapping: 0.043600 ms MarkObjects: 1.199700 ms  DeleteObjects: 0.010900 ms)

========================================================================
Received Import Request.
  Time since last request: 619.309550 seconds.
  path: Assets/Animations/Animator/PlayerAnim.controller
  artifactKey: Guid(fc223b29ea1ca64428d294b5b599e968) Importer(815301076,1909f56bfc062723c751e8b465ee728b)
Start importing Assets/Animations/Animator/PlayerAnim.controller using Guid(fc223b29ea1ca64428d294b5b599e968) Importer(815301076,1909f56bfc062723c751e8b465ee728b)  -> (artifact id: '6818b5ef54f32825aeab208623182db6') in 0.095890 seconds
  Import took 0.122933 seconds .

========================================================================
Received Import Request.
  Time since last request: 18.004542 seconds.
  path: Assets/Animations/PlayerAnims/mixamo.com.anim
  artifactKey: Guid(c65114b3ba9c29b40926220222337895) Importer(815301076,1909f56bfc062723c751e8b465ee728b)
Start importing Assets/Animations/PlayerAnims/mixamo.com.anim using Guid(c65114b3ba9c29b40926220222337895) Importer(815301076,1909f56bfc062723c751e8b465ee728b)  -> (artifact id: '7ebf2b64eef733a514734320669309ab') in 0.011072 seconds
  Import took 0.021166 seconds .

========================================================================
Received Import Request.
  Time since last request: 4.186639 seconds.
  path: Assets/Animations/PlayerAnims/Wet.anim
  artifactKey: Guid(c65114b3ba9c29b40926220222337895) Importer(815301076,1909f56bfc062723c751e8b465ee728b)
Start importing Assets/Animations/PlayerAnims/Wet.anim using Guid(c65114b3ba9c29b40926220222337895) Importer(815301076,1909f56bfc062723c751e8b465ee728b)  -> (artifact id: '91babc047f07eaf1124de120b05e3a21') in 0.007700 seconds
  Import took 0.030912 seconds .

========================================================================
Received Prepare
Registering precompiled user dll's ...
Registered in 0.001724 seconds.
Begin MonoManager ReloadAssembly
Native extension for WindowsStandalone target not found
Native extension for OSXStandalone target not found
Native extension for WebGL target not found
Refreshing native plugins compatible for Editor in 0.41 ms, found 0 plugins.
Preloading 0 native plugins for Editor in 0.00 ms.
Mono: successfully reloaded assembly
- Completed reload, in  2.034 seconds
Platform modules already initialized, skipping
Refreshing native plugins compatible for Editor in 1.69 ms, found 0 plugins.
Preloading 0 native plugins for Editor in 0.00 ms.
Unloading 1409 Unused Serialized files (Serialized files now loaded: 0)
System memory in use before: 155.3 MB.
System memory in use after: 155.4 MB.

Unloading 5 unused Assets to reduce memory usage. Loaded Objects now: 1973.
Total: 29.193000 ms (FindLiveObjects: 23.178300 ms CreateObjectMapping: 0.242200 ms MarkObjects: 5.758200 ms  DeleteObjects: 0.013000 ms)

========================================================================
Received Import Request.
  Time since last request: 90.379406 seconds.
  path: Assets/Prefabs/Water.prefab
  artifactKey: Guid(37fcbea54dc83c346ac350ec4e79dc26) Importer(815301076,1909f56bfc062723c751e8b465ee728b)
Start importing Assets/Prefabs/Water.prefab using Guid(37fcbea54dc83c346ac350ec4e79dc26) Importer(815301076,1909f56bfc062723c751e8b465ee728b)  -> (artifact id: 'fbb024c13d9591070fe106352afd3828') in 0.031145 seconds
  Import took 0.047557 seconds .

========================================================================
Received Import Request.
  Time since last request: 0.001969 seconds.
  path: Assets/Prefabs/Water.prefab
  artifactKey: Guid(37fcbea54dc83c346ac350ec4e79dc26) Importer(815301076,1909f56bfc062723c751e8b465ee728b)
Start importing Assets/Prefabs/Water.prefab using Guid(37fcbea54dc83c346ac350ec4e79dc26) Importer(815301076,1909f56bfc062723c751e8b465ee728b)  -> (artifact id: 'fbb024c13d9591070fe106352afd3828') in 0.005182 seconds
  Import took 0.009007 seconds .

========================================================================
Received Import Request.
  Time since last request: 5.198129 seconds.
  path: Assets/Prefabs/Water.prefab
  artifactKey: Guid(37fcbea54dc83c346ac350ec4e79dc26) Importer(815301076,1909f56bfc062723c751e8b465ee728b)
Start importing Assets/Prefabs/Water.prefab using Guid(37fcbea54dc83c346ac350ec4e79dc26) Importer(815301076,1909f56bfc062723c751e8b465ee728b)  -> (artifact id: '786a6ab559914e145812a863678539cf') in 0.020825 seconds
  Import took 0.036013 seconds .

========================================================================
Received Prepare
Registering precompiled user dll's ...
Registered in 0.000509 seconds.
Begin MonoManager ReloadAssembly
Native extension for WindowsStandalone target not found
Native extension for OSXStandalone target not found
Native extension for WebGL target not found
Refreshing native plugins compatible for Editor in 0.20 ms, found 0 plugins.
Preloading 0 native plugins for Editor in 0.00 ms.
Mono: successfully reloaded assembly
- Completed reload, in  0.827 seconds
Platform modules already initialized, skipping
Refreshing native plugins compatible for Editor in 0.25 ms, found 0 plugins.
Preloading 0 native plugins for Editor in 0.00 ms.
Unloading 1409 Unused Serialized files (Serialized files now loaded: 0)
System memory in use before: 155.3 MB.
System memory in use after: 155.4 MB.

Unloading 5 unused Assets to reduce memory usage. Loaded Objects now: 1976.
Total: 1.833000 ms (FindLiveObjects: 0.141900 ms CreateObjectMapping: 0.048200 ms MarkObjects: 1.628800 ms  DeleteObjects: 0.012800 ms)

========================================================================
Received Prepare
Registering precompiled user dll's ...
Registered in 0.000760 seconds.
Begin MonoManager ReloadAssembly
Native extension for WindowsStandalone target not found
Native extension for OSXStandalone target not found
Native extension for WebGL target not found
Refreshing native plugins compatible for Editor in 0.21 ms, found 0 plugins.
Preloading 0 native plugins for Editor in 0.00 ms.
Mono: successfully reloaded assembly
- Completed reload, in  0.754 seconds
Platform modules already initialized, skipping
Refreshing native plugins compatible for Editor in 0.20 ms, found 0 plugins.
Preloading 0 native plugins for Editor in 0.00 ms.
Unloading 1409 Unused Serialized files (Serialized files now loaded: 0)
System memory in use before: 155.3 MB.
System memory in use after: 155.4 MB.

Unloading 5 unused Assets to reduce memory usage. Loaded Objects now: 1979.
Total: 2.282700 ms (FindLiveObjects: 0.206900 ms CreateObjectMapping: 0.187300 ms MarkObjects: 1.874700 ms  DeleteObjects: 0.012800 ms)

========================================================================
Received Import Request.
  Time since last request: 277.675219 seconds.
  path: Assets/Materials/Materials/water.mat
  artifactKey: Guid(20745d9ea1b56214d942e55f51e50f33) Importer(815301076,1909f56bfc062723c751e8b465ee728b)
Start importing Assets/Materials/Materials/water.mat using Guid(20745d9ea1b56214d942e55f51e50f33) Importer(815301076,1909f56bfc062723c751e8b465ee728b)  -> (artifact id: 'a49a3e7465af205c87970ef1d3c1438d') in 0.068397 seconds
  Import took 0.085463 seconds .

========================================================================
Received Prepare
Registering precompiled user dll's ...
Registered in 0.000728 seconds.
Begin MonoManager ReloadAssembly
Native extension for WindowsStandalone target not found
Native extension for OSXStandalone target not found
Native extension for WebGL target not found
Refreshing native plugins compatible for Editor in 0.20 ms, found 0 plugins.
Preloading 0 native plugins for Editor in 0.00 ms.
Mono: successfully reloaded assembly
- Completed reload, in  1.091 seconds
Platform modules already initialized, skipping
Refreshing native plugins compatible for Editor in 0.21 ms, found 0 plugins.
Preloading 0 native plugins for Editor in 0.00 ms.
Unloading 1409 Unused Serialized files (Serialized files now loaded: 0)
System memory in use before: 155.3 MB.
System memory in use after: 155.4 MB.

Unloading 5 unused Assets to reduce memory usage. Loaded Objects now: 1983.
Total: 1.608200 ms (FindLiveObjects: 0.167500 ms CreateObjectMapping: 0.063100 ms MarkObjects: 1.364700 ms  DeleteObjects: 0.011800 ms)

========================================================================
Received Prepare
Registering precompiled user dll's ...
Registered in 0.000520 seconds.
Begin MonoManager ReloadAssembly
Native extension for WindowsStandalone target not found
Native extension for OSXStandalone target not found
Native extension for WebGL target not found
Refreshing native plugins compatible for Editor in 0.23 ms, found 0 plugins.
Preloading 0 native plugins for Editor in 0.00 ms.
Mono: successfully reloaded assembly
- Completed reload, in  0.931 seconds
Platform modules already initialized, skipping
Refreshing native plugins compatible for Editor in 0.21 ms, found 0 plugins.
Preloading 0 native plugins for Editor in 0.00 ms.
Unloading 1409 Unused Serialized files (Serialized files now loaded: 0)
System memory in use before: 155.3 MB.
System memory in use after: 155.4 MB.

Unloading 5 unused Assets to reduce memory usage. Loaded Objects now: 1986.
Total: 1.590100 ms (FindLiveObjects: 0.144200 ms CreateObjectMapping: 0.047200 ms MarkObjects: 1.384400 ms  DeleteObjects: 0.013000 ms)

========================================================================
Received Import Request.
  Time since last request: 229.953483 seconds.
  path: Assets/Animations/PlayerAnims/Standing Torch Light Torch From Wall.fbx
  artifactKey: Guid(adc4b7c6dabda8747a64b49534e85629) Importer(815301076,1909f56bfc062723c751e8b465ee728b)
Start importing Assets/Animations/PlayerAnims/Standing Torch Light Torch From Wall.fbx using Guid(adc4b7c6dabda8747a64b49534e85629) Importer(815301076,1909f56bfc062723c751e8b465ee728b)  -> (artifact id: '7d67137176ad5561fdb1ef8fb625d00d') in 0.043547 seconds
  Import took 0.062836 seconds .

========================================================================
Received Import Request.
  Time since last request: 4.118561 seconds.
  path: Assets/Animations/PlayerAnims/Standing Torch Light Torch From Wall 1.fbx
  artifactKey: Guid(d3c40821f486a394c865a5667384a944) Importer(815301076,1909f56bfc062723c751e8b465ee728b)
Start importing Assets/Animations/PlayerAnims/Standing Torch Light Torch From Wall 1.fbx using Guid(d3c40821f486a394c865a5667384a944) Importer(815301076,1909f56bfc062723c751e8b465ee728b)  -> (artifact id: '34cf30e704def2ec56f27cfcecce1db6') in 0.012919 seconds
  Import took 0.015303 seconds .

========================================================================
Received Import Request.
  Time since last request: 3.468122 seconds.
  path: Assets/Animations/PlayerAnims/Wet.anim
  artifactKey: Guid(c65114b3ba9c29b40926220222337895) Importer(815301076,1909f56bfc062723c751e8b465ee728b)
Start importing Assets/Animations/PlayerAnims/Wet.anim using Guid(c65114b3ba9c29b40926220222337895) Importer(815301076,1909f56bfc062723c751e8b465ee728b)  -> (artifact id: '4051d04101e73b0a200c343eead2c6d6') in 0.012418 seconds
  Import took 0.031353 seconds .

========================================================================
Received Import Request.
  Time since last request: 4.615871 seconds.
  path: Assets/Animations/PlayerAnims/mixamo.com.anim
  artifactKey: Guid(c207a1669abed2741ac062c04efac963) Importer(815301076,1909f56bfc062723c751e8b465ee728b)
Start importing Assets/Animations/PlayerAnims/mixamo.com.anim using Guid(c207a1669abed2741ac062c04efac963) Importer(815301076,1909f56bfc062723c751e8b465ee728b)  -> (artifact id: '3c884960409e476a8592db5b2aaba371') in 0.014651 seconds
  Import took 0.027118 seconds .

========================================================================
Received Import Request.
  Time since last request: 2.739390 seconds.
  path: Assets/Animations/PlayerAnims/Light.anim
  artifactKey: Guid(c207a1669abed2741ac062c04efac963) Importer(815301076,1909f56bfc062723c751e8b465ee728b)
Start importing Assets/Animations/PlayerAnims/Light.anim using Guid(c207a1669abed2741ac062c04efac963) Importer(815301076,1909f56bfc062723c751e8b465ee728b)  -> (artifact id: 'b601dd05dfaef5b2709cc3354f6eec90') in 0.009728 seconds
  Import took 0.026448 seconds .

========================================================================
Received Prepare
Registering precompiled user dll's ...
Registered in 0.000728 seconds.
Begin MonoManager ReloadAssembly
Native extension for WindowsStandalone target not found
Native extension for OSXStandalone target not found
Native extension for WebGL target not found
Refreshing native plugins compatible for Editor in 0.20 ms, found 0 plugins.
Preloading 0 native plugins for Editor in 0.00 ms.
Mono: successfully reloaded assembly
- Completed reload, in  0.750 seconds
Platform modules already initialized, skipping
Refreshing native plugins compatible for Editor in 0.20 ms, found 0 plugins.
Preloading 0 native plugins for Editor in 0.00 ms.
Unloading 1409 Unused Serialized files (Serialized files now loaded: 0)
System memory in use before: 155.4 MB.
System memory in use after: 155.5 MB.

Unloading 5 unused Assets to reduce memory usage. Loaded Objects now: 1989.
Total: 1.621400 ms (FindLiveObjects: 0.137300 ms CreateObjectMapping: 0.042300 ms MarkObjects: 1.420300 ms  DeleteObjects: 0.019900 ms)

========================================================================
Received Prepare
Registering precompiled user dll's ...
Registered in 0.000770 seconds.
Begin MonoManager ReloadAssembly
Native extension for WindowsStandalone target not found
Native extension for OSXStandalone target not found
Native extension for WebGL target not found
Refreshing native plugins compatible for Editor in 0.20 ms, found 0 plugins.
Preloading 0 native plugins for Editor in 0.00 ms.
Mono: successfully reloaded assembly
- Completed reload, in  1.001 seconds
Platform modules already initialized, skipping
Refreshing native plugins compatible for Editor in 0.21 ms, found 0 plugins.
Preloading 0 native plugins for Editor in 0.00 ms.
Unloading 1409 Unused Serialized files (Serialized files now loaded: 0)
System memory in use before: 155.4 MB.
System memory in use after: 155.5 MB.

Unloading 5 unused Assets to reduce memory usage. Loaded Objects now: 1992.
Total: 2.338100 ms (FindLiveObjects: 0.146800 ms CreateObjectMapping: 0.053900 ms MarkObjects: 2.123700 ms  DeleteObjects: 0.012700 ms)

========================================================================
Received Prepare
Registering precompiled user dll's ...
Registered in 0.000505 seconds.
Begin MonoManager ReloadAssembly
Native extension for WindowsStandalone target not found
Native extension for OSXStandalone target not found
Native extension for WebGL target not found
Refreshing native plugins compatible for Editor in 0.20 ms, found 0 plugins.
Preloading 0 native plugins for Editor in 0.00 ms.
Mono: successfully reloaded assembly
- Completed reload, in  0.767 seconds
Platform modules already initialized, skipping
Refreshing native plugins compatible for Editor in 0.20 ms, found 0 plugins.
Preloading 0 native plugins for Editor in 0.00 ms.
Unloading 1409 Unused Serialized files (Serialized files now loaded: 0)
System memory in use before: 155.4 MB.
System memory in use after: 155.5 MB.

Unloading 5 unused Assets to reduce memory usage. Loaded Objects now: 1995.
Total: 1.801500 ms (FindLiveObjects: 0.141500 ms CreateObjectMapping: 0.050800 ms MarkObjects: 1.592600 ms  DeleteObjects: 0.015400 ms)

========================================================================
Received Prepare
Registering precompiled user dll's ...
Registered in 0.000491 seconds.
Begin MonoManager ReloadAssembly
Native extension for WindowsStandalone target not found
Native extension for OSXStandalone target not found
Native extension for WebGL target not found
Refreshing native plugins compatible for Editor in 0.20 ms, found 0 plugins.
Preloading 0 native plugins for Editor in 0.00 ms.
Mono: successfully reloaded assembly
- Completed reload, in  0.725 seconds
Platform modules already initialized, skipping
Refreshing native plugins compatible for Editor in 0.20 ms, found 0 plugins.
Preloading 0 native plugins for Editor in 0.00 ms.
Unloading 1409 Unused Serialized files (Serialized files now loaded: 0)
System memory in use before: 155.4 MB.
System memory in use after: 155.5 MB.

Unloading 5 unused Assets to reduce memory usage. Loaded Objects now: 1998.
Total: 1.499100 ms (FindLiveObjects: 0.137600 ms CreateObjectMapping: 0.044000 ms MarkObjects: 1.303900 ms  DeleteObjects: 0.012800 ms)

========================================================================
Received Import Request.
  Time since last request: 504.812090 seconds.
  path: Assets/Animations/ObjectAnimations/Door2.controller
  artifactKey: Guid(e881a4c15ca1ef742b7e5bdd2fffe2b7) Importer(815301076,1909f56bfc062723c751e8b465ee728b)
Start importing Assets/Animations/ObjectAnimations/Door2.controller using Guid(e881a4c15ca1ef742b7e5bdd2fffe2b7) Importer(815301076,1909f56bfc062723c751e8b465ee728b)  -> (artifact id: '2d4933793f34219b712551cee5647216') in 0.015969 seconds
  Import took 0.028483 seconds .

========================================================================
Received Import Request.
  Time since last request: 0.713593 seconds.
  path: Assets/Animations/ObjectAnimations/Door2.controller
  artifactKey: Guid(e881a4c15ca1ef742b7e5bdd2fffe2b7) Importer(815301076,1909f56bfc062723c751e8b465ee728b)
Start importing Assets/Animations/ObjectAnimations/Door2.controller using Guid(e881a4c15ca1ef742b7e5bdd2fffe2b7) Importer(815301076,1909f56bfc062723c751e8b465ee728b)  -> (artifact id: '19c60a5b672d977ceb1f3f10aead58fe') in 0.004404 seconds
  Import took 0.007236 seconds .

========================================================================
Received Import Request.
  Time since last request: 72.201367 seconds.
  path: Assets/Animations/ObjectAnimations/Door3.controller
  artifactKey: Guid(101b6b5b960a2134a94111e969ebec79) Importer(815301076,1909f56bfc062723c751e8b465ee728b)
Start importing Assets/Animations/ObjectAnimations/Door3.controller using Guid(101b6b5b960a2134a94111e969ebec79) Importer(815301076,1909f56bfc062723c751e8b465ee728b)  -> (artifact id: '512208e53d8162c4fff1d18efa22d0e9') in 0.004259 seconds
  Import took 0.008204 seconds .

========================================================================
Received Import Request.
  Time since last request: 0.006091 seconds.
  path: Assets/Animations/ObjectAnimations/Door3.controller
  artifactKey: Guid(101b6b5b960a2134a94111e969ebec79) Importer(815301076,1909f56bfc062723c751e8b465ee728b)
Start importing Assets/Animations/ObjectAnimations/Door3.controller using Guid(101b6b5b960a2134a94111e969ebec79) Importer(815301076,1909f56bfc062723c751e8b465ee728b)  -> (artifact id: '512208e53d8162c4fff1d18efa22d0e9') in 0.004254 seconds
  Import took 0.006652 seconds .

========================================================================
Received Import Request.
  Time since last request: 55.880209 seconds.
  path: Assets/Animations/ObjectAnimations/Door3Move.anim
  artifactKey: Guid(f2d76bd1b49562e41881414d304e267d) Importer(815301076,1909f56bfc062723c751e8b465ee728b)
Start importing Assets/Animations/ObjectAnimations/Door3Move.anim using Guid(f2d76bd1b49562e41881414d304e267d) Importer(815301076,1909f56bfc062723c751e8b465ee728b)  -> (artifact id: 'da8128e7e17b40d4eade7c43be1ac0f0') in 0.003068 seconds
  Import took 0.005019 seconds .

========================================================================
Received Import Request.
  Time since last request: 0.003235 seconds.
  path: Assets/Animations/ObjectAnimations/Door3Move.anim
  artifactKey: Guid(f2d76bd1b49562e41881414d304e267d) Importer(815301076,1909f56bfc062723c751e8b465ee728b)
Start importing Assets/Animations/ObjectAnimations/Door3Move.anim using Guid(f2d76bd1b49562e41881414d304e267d) Importer(815301076,1909f56bfc062723c751e8b465ee728b)  -> (artifact id: 'da8128e7e17b40d4eade7c43be1ac0f0') in 0.004563 seconds
  Import took 0.006821 seconds .

========================================================================
Received Prepare
Registering precompiled user dll's ...
Registered in 0.001487 seconds.
Begin MonoManager ReloadAssembly
Native extension for WindowsStandalone target not found
Native extension for OSXStandalone target not found
Native extension for WebGL target not found
Refreshing native plugins compatible for Editor in 0.23 ms, found 0 plugins.
Preloading 0 native plugins for Editor in 0.00 ms.
Mono: successfully reloaded assembly
- Completed reload, in  1.309 seconds
Platform modules already initialized, skipping
Refreshing native plugins compatible for Editor in 0.25 ms, found 0 plugins.
Preloading 0 native plugins for Editor in 0.00 ms.
Unloading 1409 Unused Serialized files (Serialized files now loaded: 0)
System memory in use before: 155.4 MB.
System memory in use after: 155.5 MB.

Unloading 5 unused Assets to reduce memory usage. Loaded Objects now: 2001.
Total: 2.680700 ms (FindLiveObjects: 0.237600 ms CreateObjectMapping: 0.086900 ms MarkObjects: 2.339800 ms  DeleteObjects: 0.014600 ms)

========================================================================
Received Prepare
Registering precompiled user dll's ...
Registered in 0.000494 seconds.
Begin MonoManager ReloadAssembly
Native extension for WindowsStandalone target not found
Native extension for OSXStandalone target not found
Native extension for WebGL target not found
Refreshing native plugins compatible for Editor in 0.21 ms, found 0 plugins.
Preloading 0 native plugins for Editor in 0.00 ms.
Mono: successfully reloaded assembly
- Completed reload, in  0.853 seconds
Platform modules already initialized, skipping
Refreshing native plugins compatible for Editor in 0.20 ms, found 0 plugins.
Preloading 0 native plugins for Editor in 0.00 ms.
Unloading 1409 Unused Serialized files (Serialized files now loaded: 0)
System memory in use before: 155.4 MB.
System memory in use after: 155.5 MB.

Unloading 5 unused Assets to reduce memory usage. Loaded Objects now: 2004.
Total: 2.622600 ms (FindLiveObjects: 0.617800 ms CreateObjectMapping: 0.276400 ms MarkObjects: 1.711400 ms  DeleteObjects: 0.015600 ms)

========================================================================
Received Prepare
Registering precompiled user dll's ...
Registered in 0.000499 seconds.
Begin MonoManager ReloadAssembly
Native extension for WindowsStandalone target not found
Native extension for OSXStandalone target not found
Native extension for WebGL target not found
Refreshing native plugins compatible for Editor in 0.20 ms, found 0 plugins.
Preloading 0 native plugins for Editor in 0.00 ms.
Mono: successfully reloaded assembly
- Completed reload, in  0.816 seconds
Platform modules already initialized, skipping
Refreshing native plugins compatible for Editor in 0.20 ms, found 0 plugins.
Preloading 0 native plugins for Editor in 0.00 ms.
Unloading 1409 Unused Serialized files (Serialized files now loaded: 0)
System memory in use before: 155.4 MB.
System memory in use after: 155.5 MB.

Unloading 5 unused Assets to reduce memory usage. Loaded Objects now: 2007.
Total: 1.805500 ms (FindLiveObjects: 0.148400 ms CreateObjectMapping: 0.056900 ms MarkObjects: 1.583700 ms  DeleteObjects: 0.015200 ms)

========================================================================
Received Prepare
Registering precompiled user dll's ...
Registered in 0.000514 seconds.
Begin MonoManager ReloadAssembly
Native extension for WindowsStandalone target not found
Native extension for OSXStandalone target not found
Native extension for WebGL target not found
Refreshing native plugins compatible for Editor in 0.21 ms, found 0 plugins.
Preloading 0 native plugins for Editor in 0.00 ms.
Mono: successfully reloaded assembly
- Completed reload, in  0.769 seconds
Platform modules already initialized, skipping
Refreshing native plugins compatible for Editor in 0.22 ms, found 0 plugins.
Preloading 0 native plugins for Editor in 0.00 ms.
Unloading 1409 Unused Serialized files (Serialized files now loaded: 0)
System memory in use before: 155.4 MB.
System memory in use after: 155.6 MB.

Unloading 5 unused Assets to reduce memory usage. Loaded Objects now: 2010.
Total: 1.657500 ms (FindLiveObjects: 0.140600 ms CreateObjectMapping: 0.045700 ms MarkObjects: 1.455700 ms  DeleteObjects: 0.014200 ms)

========================================================================
Received Import Request.
  Time since last request: 814.777729 seconds.
  path: Assets/Scenes/Mainmenu.unity
  artifactKey: Guid(76dc52f737a6efa49a7d7b862c0a74d6) Importer(815301076,1909f56bfc062723c751e8b465ee728b)
Start importing Assets/Scenes/Mainmenu.unity using Guid(76dc52f737a6efa49a7d7b862c0a74d6) Importer(815301076,1909f56bfc062723c751e8b465ee728b)  -> (artifact id: 'da85c5837d2cf37e69a2f88d0de084a0') in 0.013940 seconds
  Import took 0.016221 seconds .

========================================================================
Received Import Request.
  Time since last request: 121.999161 seconds.
  path: Assets/TextMesh Pro/Resources/Style Sheets/Default Style Sheet.asset
  artifactKey: Guid(f952c082cb03451daed3ee968ac6c63e) Importer(815301076,1909f56bfc062723c751e8b465ee728b)
Start importing Assets/TextMesh Pro/Resources/Style Sheets/Default Style Sheet.asset using Guid(f952c082cb03451daed3ee968ac6c63e) Importer(815301076,1909f56bfc062723c751e8b465ee728b)  -> (artifact id: '2e529deb5db640b946eae166de84e6ce') in 0.008885 seconds
  Import took 0.068478 seconds .

========================================================================
Received Import Request.
  Time since last request: 0.000171 seconds.
  path: Assets/Tree_Textures/diffuse.png
  artifactKey: Guid(090aa973134c20142b57211262cd3e5e) Importer(815301076,1909f56bfc062723c751e8b465ee728b)
Start importing Assets/Tree_Textures/diffuse.png using Guid(090aa973134c20142b57211262cd3e5e) Importer(815301076,1909f56bfc062723c751e8b465ee728b)  -> (artifact id: '92e070469eda1d7aa0ff004efbf3b47e') in 0.073928 seconds
  Import took 0.075897 seconds .

========================================================================
Received Import Request.
  Time since last request: 78.812539 seconds.
  path: Assets/Scenes/InstructionsScene.unity
  artifactKey: Guid(629a4d03b8a392c46a56230030718456) Importer(815301076,1909f56bfc062723c751e8b465ee728b)
Start importing Assets/Scenes/InstructionsScene.unity using Guid(629a4d03b8a392c46a56230030718456) Importer(815301076,1909f56bfc062723c751e8b465ee728b)  -> (artifact id: '20277df14759e6321537715f03b76943') in 0.009172 seconds
  Import took 0.011199 seconds .

========================================================================
Received Prepare
Registering precompiled user dll's ...
Registered in 0.000575 seconds.
Begin MonoManager ReloadAssembly
Native extension for WindowsStandalone target not found
Native extension for OSXStandalone target not found
Native extension for WebGL target not found
Refreshing native plugins compatible for Editor in 1.30 ms, found 0 plugins.
Preloading 0 native plugins for Editor in 0.00 ms.
Mono: successfully reloaded assembly
- Completed reload, in  0.731 seconds
Platform modules already initialized, skipping
Refreshing native plugins compatible for Editor in 0.20 ms, found 0 plugins.
Preloading 0 native plugins for Editor in 0.00 ms.
Unloading 1409 Unused Serialized files (Serialized files now loaded: 0)
System memory in use before: 155.5 MB.
System memory in use after: 155.6 MB.

Unloading 5 unused Assets to reduce memory usage. Loaded Objects now: 2014.
Total: 1.469900 ms (FindLiveObjects: 0.140100 ms CreateObjectMapping: 0.040800 ms MarkObjects: 1.276400 ms  DeleteObjects: 0.011600 ms)

========================================================================
Received Import Request.
  Time since last request: 226.308814 seconds.
  path: Assets/Scenes/Mainmenu.unity
  artifactKey: Guid(76dc52f737a6efa49a7d7b862c0a74d6) Importer(815301076,1909f56bfc062723c751e8b465ee728b)
Start importing Assets/Scenes/Mainmenu.unity using Guid(76dc52f737a6efa49a7d7b862c0a74d6) Importer(815301076,1909f56bfc062723c751e8b465ee728b)  -> (artifact id: '7c8dc33e3a6043a8f2109d9985dcd0fb') in 0.012365 seconds
  Import took 0.015724 seconds .

========================================================================
Received Prepare
Registering precompiled user dll's ...
Registered in 0.000507 seconds.
Begin MonoManager ReloadAssembly
Native extension for WindowsStandalone target not found
Native extension for OSXStandalone target not found
Native extension for WebGL target not found
Refreshing native plugins compatible for Editor in 0.21 ms, found 0 plugins.
Preloading 0 native plugins for Editor in 0.00 ms.
Mono: successfully reloaded assembly
- Completed reload, in  0.778 seconds
Platform modules already initialized, skipping
Refreshing native plugins compatible for Editor in 0.20 ms, found 0 plugins.
Preloading 0 native plugins for Editor in 0.00 ms.
Unloading 1410 Unused Serialized files (Serialized files now loaded: 0)
System memory in use before: 155.5 MB.
System memory in use after: 155.6 MB.

Unloading 5 unused Assets to reduce memory usage. Loaded Objects now: 2018.
Total: 2.154400 ms (FindLiveObjects: 0.150400 ms CreateObjectMapping: 0.048500 ms MarkObjects: 1.940100 ms  DeleteObjects: 0.014000 ms)

========================================================================
Received Prepare
Registering precompiled user dll's ...
Registered in 0.000493 seconds.
Begin MonoManager ReloadAssembly
Native extension for WindowsStandalone target not found
Native extension for OSXStandalone target not found
Native extension for WebGL target not found
Refreshing native plugins compatible for Editor in 0.21 ms, found 0 plugins.
Preloading 0 native plugins for Editor in 0.00 ms.
Mono: successfully reloaded assembly
- Completed reload, in  0.752 seconds
Platform modules already initialized, skipping
Refreshing native plugins compatible for Editor in 0.21 ms, found 0 plugins.
Preloading 0 native plugins for Editor in 0.00 ms.
Unloading 1410 Unused Serialized files (Serialized files now loaded: 0)
System memory in use before: 155.5 MB.
System memory in use after: 155.6 MB.

Unloading 5 unused Assets to reduce memory usage. Loaded Objects now: 2021.
Total: 1.712800 ms (FindLiveObjects: 0.168900 ms CreateObjectMapping: 0.057800 ms MarkObjects: 1.456600 ms  DeleteObjects: 0.012600 ms)

========================================================================
Received Prepare
Registering precompiled user dll's ...
Registered in 0.000499 seconds.
Begin MonoManager ReloadAssembly
Native extension for WindowsStandalone target not found
Native extension for OSXStandalone target not found
Native extension for WebGL target not found
Refreshing native plugins compatible for Editor in 0.21 ms, found 0 plugins.
Preloading 0 native plugins for Editor in 0.00 ms.
Mono: successfully reloaded assembly
- Completed reload, in  0.771 seconds
Platform modules already initialized, skipping
Refreshing native plugins compatible for Editor in 0.44 ms, found 0 plugins.
Preloading 0 native plugins for Editor in 0.00 ms.
Unloading 1410 Unused Serialized files (Serialized files now loaded: 0)
System memory in use before: 155.5 MB.
System memory in use after: 155.6 MB.

Unloading 5 unused Assets to reduce memory usage. Loaded Objects now: 2024.
Total: 2.209100 ms (FindLiveObjects: 0.278800 ms CreateObjectMapping: 0.114500 ms MarkObjects: 1.801100 ms  DeleteObjects: 0.013200 ms)

========================================================================
Received Import Request.
  Time since last request: 232.762334 seconds.
  path: Assets/Scenes/GameScene.unity
  artifactKey: Guid(9fc0d4010bbf28b4594072e72b8655ab) Importer(815301076,1909f56bfc062723c751e8b465ee728b)
Start importing Assets/Scenes/GameScene.unity using Guid(9fc0d4010bbf28b4594072e72b8655ab) Importer(815301076,1909f56bfc062723c751e8b465ee728b)  -> (artifact id: 'e49d9b724b877fb9e00f227f0d71208c') in 0.013002 seconds
  Import took 0.137445 seconds .

========================================================================
Received Import Request.
  Time since last request: 0.678918 seconds.
  path: Assets/Scenes/Credits.unity
  artifactKey: Guid(63a2b10552cb0b84f95fdc308fd87225) Importer(815301076,1909f56bfc062723c751e8b465ee728b)
Start importing Assets/Scenes/Credits.unity using Guid(63a2b10552cb0b84f95fdc308fd87225) Importer(815301076,1909f56bfc062723c751e8b465ee728b)  -> (artifact id: 'a079949abc3a97ade3287d559edc1b9a') in 0.006469 seconds
  Import took 0.063971 seconds .

========================================================================
Received Import Request.
  Time since last request: 1.791603 seconds.
  path: Assets/Scenes/InstructionsScene.unity
  artifactKey: Guid(629a4d03b8a392c46a56230030718456) Importer(815301076,1909f56bfc062723c751e8b465ee728b)
Start importing Assets/Scenes/InstructionsScene.unity using Guid(629a4d03b8a392c46a56230030718456) Importer(815301076,1909f56bfc062723c751e8b465ee728b)  -> (artifact id: 'a4dc349496ce29b467c5cafcbca69c97') in 0.005756 seconds
  Import took 0.008312 seconds .

========================================================================
Received Import Request.
  Time since last request: 21.032211 seconds.
  path: Assets/Scenes/Mainmenu.unity
  artifactKey: Guid(76dc52f737a6efa49a7d7b862c0a74d6) Importer(815301076,1909f56bfc062723c751e8b465ee728b)
Start importing Assets/Scenes/Mainmenu.unity using Guid(76dc52f737a6efa49a7d7b862c0a74d6) Importer(815301076,1909f56bfc062723c751e8b465ee728b)  -> (artifact id: 'c24a3b863b70670c05196e99ab58e43d') in 0.005674 seconds
  Import took 0.027310 seconds .

========================================================================
Received Prepare
Registering precompiled user dll's ...
Registered in 0.000520 seconds.
Begin MonoManager ReloadAssembly
Native extension for WindowsStandalone target not found
Native extension for OSXStandalone target not found
Native extension for WebGL target not found
Refreshing native plugins compatible for Editor in 0.20 ms, found 0 plugins.
Preloading 0 native plugins for Editor in 0.00 ms.
Mono: successfully reloaded assembly
- Completed reload, in  0.754 seconds
Platform modules already initialized, skipping
Refreshing native plugins compatible for Editor in 0.20 ms, found 0 plugins.
Preloading 0 native plugins for Editor in 0.00 ms.
Unloading 1410 Unused Serialized files (Serialized files now loaded: 0)
System memory in use before: 155.6 MB.
System memory in use after: 155.7 MB.

Unloading 5 unused Assets to reduce memory usage. Loaded Objects now: 2027.
Total: 1.646200 ms (FindLiveObjects: 0.151500 ms CreateObjectMapping: 0.046900 ms MarkObjects: 1.434500 ms  DeleteObjects: 0.011800 ms)

========================================================================
Received Import Request.
  Time since last request: 67.679975 seconds.
  path: Assets/Scenes/Credits.unity
  artifactKey: Guid(63a2b10552cb0b84f95fdc308fd87225) Importer(815301076,1909f56bfc062723c751e8b465ee728b)
Start importing Assets/Scenes/Credits.unity using Guid(63a2b10552cb0b84f95fdc308fd87225) Importer(815301076,1909f56bfc062723c751e8b465ee728b)  -> (artifact id: '25ce4789b390ecdd8b3d248276aba7da') in 0.009298 seconds
  Import took 0.057808 seconds .

========================================================================
Received Import Request.
  Time since last request: 13.078371 seconds.
  path: Assets/Scenes/InstructionsScene.unity
  artifactKey: Guid(629a4d03b8a392c46a56230030718456) Importer(815301076,1909f56bfc062723c751e8b465ee728b)
Start importing Assets/Scenes/InstructionsScene.unity using Guid(629a4d03b8a392c46a56230030718456) Importer(815301076,1909f56bfc062723c751e8b465ee728b)  -> (artifact id: '15773f26bff5980dc8a5c7734c8ba37e') in 0.006854 seconds
  Import took 0.008954 seconds .

========================================================================
Received Prepare
Registering precompiled user dll's ...
Registered in 0.000476 seconds.
Begin MonoManager ReloadAssembly
Native extension for WindowsStandalone target not found
Native extension for OSXStandalone target not found
Native extension for WebGL target not found
Refreshing native plugins compatible for Editor in 0.20 ms, found 0 plugins.
Preloading 0 native plugins for Editor in 0.00 ms.
Mono: successfully reloaded assembly
- Completed reload, in  0.753 seconds
Platform modules already initialized, skipping
Refreshing native plugins compatible for Editor in 0.22 ms, found 0 plugins.
Preloading 0 native plugins for Editor in 0.00 ms.
Unloading 1410 Unused Serialized files (Serialized files now loaded: 0)
System memory in use before: 155.6 MB.
System memory in use after: 155.7 MB.

Unloading 5 unused Assets to reduce memory usage. Loaded Objects now: 2030.
Total: 1.629300 ms (FindLiveObjects: 0.170000 ms CreateObjectMapping: 0.057400 ms MarkObjects: 1.388700 ms  DeleteObjects: 0.012200 ms)

========================================================================
Received Import Request.
  Time since last request: 94.657356 seconds.
  path: Assets/Scenes/Mainmenu.unity
  artifactKey: Guid(76dc52f737a6efa49a7d7b862c0a74d6) Importer(815301076,1909f56bfc062723c751e8b465ee728b)
Start importing Assets/Scenes/Mainmenu.unity using Guid(76dc52f737a6efa49a7d7b862c0a74d6) Importer(815301076,1909f56bfc062723c751e8b465ee728b)  -> (artifact id: 'f94a6673f0074df21c60bc5da20d3847') in 0.009921 seconds
  Import took 0.012429 seconds .

========================================================================
Received Import Request.
  Time since last request: 51.551745 seconds.
  path: Assets/Animations/Animator/archerAnim.inputactions
  artifactKey: Guid(643049f44b9c2a041a6c4858d2143256) Importer(815301076,1909f56bfc062723c751e8b465ee728b)
Start importing Assets/Animations/Animator/archerAnim.inputactions using Guid(643049f44b9c2a041a6c4858d2143256) Importer(815301076,1909f56bfc062723c751e8b465ee728b)  -> (artifact id: '95f8f7652462ad98f121178ca9b12b54') in 0.035913 seconds
  Import took 0.054163 seconds .

========================================================================
Received Prepare
Registering precompiled user dll's ...
Registered in 0.000552 seconds.
Begin MonoManager ReloadAssembly
Native extension for WindowsStandalone target not found
Native extension for OSXStandalone target not found
Native extension for WebGL target not found
Refreshing native plugins compatible for Editor in 0.20 ms, found 0 plugins.
Preloading 0 native plugins for Editor in 0.00 ms.
Mono: successfully reloaded assembly
- Completed reload, in  0.747 seconds
Platform modules already initialized, skipping
Refreshing native plugins compatible for Editor in 0.22 ms, found 0 plugins.
Preloading 0 native plugins for Editor in 0.00 ms.
Unloading 1410 Unused Serialized files (Serialized files now loaded: 0)
System memory in use before: 155.6 MB.
System memory in use after: 155.7 MB.

Unloading 5 unused Assets to reduce memory usage. Loaded Objects now: 2033.
Total: 1.669400 ms (FindLiveObjects: 0.145600 ms CreateObjectMapping: 0.045700 ms MarkObjects: 1.463400 ms  DeleteObjects: 0.013600 ms)

========================================================================
Received Import Request.
  Time since last request: 570.222675 seconds.
  path: Assets/Scenes/PauseMenu.cs
  artifactKey: Guid(f9dde6c0e4b2c2846b20fd2540050ddd) Importer(815301076,1909f56bfc062723c751e8b465ee728b)
Start importing Assets/Scenes/PauseMenu.cs using Guid(f9dde6c0e4b2c2846b20fd2540050ddd) Importer(815301076,1909f56bfc062723c751e8b465ee728b)  -> (artifact id: '86c92b7ed30efaca72d3ca546462e19e') in 0.024869 seconds
  Import took 0.124011 seconds .

========================================================================
Received Prepare
Registering precompiled user dll's ...
Registered in 0.001126 seconds.
Begin MonoManager ReloadAssembly
Native extension for WindowsStandalone target not found
Native extension for OSXStandalone target not found
Native extension for WebGL target not found
Refreshing native plugins compatible for Editor in 0.20 ms, found 0 plugins.
Preloading 0 native plugins for Editor in 0.00 ms.
Mono: successfully reloaded assembly
- Completed reload, in  0.917 seconds
Platform modules already initialized, skipping
Refreshing native plugins compatible for Editor in 0.21 ms, found 0 plugins.
Preloading 0 native plugins for Editor in 0.00 ms.
Unloading 1411 Unused Serialized files (Serialized files now loaded: 0)
System memory in use before: 155.6 MB.
System memory in use after: 155.7 MB.

Unloading 5 unused Assets to reduce memory usage. Loaded Objects now: 2037.
Total: 1.735700 ms (FindLiveObjects: 0.143100 ms CreateObjectMapping: 0.046200 ms MarkObjects: 1.531700 ms  DeleteObjects: 0.013700 ms)

========================================================================
Received Prepare
Registering precompiled user dll's ...
Registered in 0.000518 seconds.
Begin MonoManager ReloadAssembly
Native extension for WindowsStandalone target not found
Native extension for OSXStandalone target not found
Native extension for WebGL target not found
Refreshing native plugins compatible for Editor in 0.21 ms, found 0 plugins.
Preloading 0 native plugins for Editor in 0.00 ms.
Mono: successfully reloaded assembly
- Completed reload, in  0.801 seconds
Platform modules already initialized, skipping
Refreshing native plugins compatible for Editor in 0.20 ms, found 0 plugins.
Preloading 0 native plugins for Editor in 0.00 ms.
Unloading 1411 Unused Serialized files (Serialized files now loaded: 0)
System memory in use before: 155.6 MB.
System memory in use after: 155.7 MB.

Unloading 5 unused Assets to reduce memory usage. Loaded Objects now: 2040.
Total: 1.617500 ms (FindLiveObjects: 0.165400 ms CreateObjectMapping: 0.101600 ms MarkObjects: 1.336600 ms  DeleteObjects: 0.012900 ms)

========================================================================
Received Import Request.
  Time since last request: 295.164229 seconds.
  path: Assets/Scenes/PauseMenu.cs
  artifactKey: Guid(f9dde6c0e4b2c2846b20fd2540050ddd) Importer(815301076,1909f56bfc062723c751e8b465ee728b)
Start importing Assets/Scenes/PauseMenu.cs using Guid(f9dde6c0e4b2c2846b20fd2540050ddd) Importer(815301076,1909f56bfc062723c751e8b465ee728b)  -> (artifact id: 'c0aded5cbe43517acefd5beef04e49ff') in 0.003949 seconds
  Import took 0.006309 seconds .

========================================================================
Received Prepare
Registering precompiled user dll's ...
Registered in 0.000579 seconds.
Begin MonoManager ReloadAssembly
Native extension for WindowsStandalone target not found
Native extension for OSXStandalone target not found
Native extension for WebGL target not found
Refreshing native plugins compatible for Editor in 0.25 ms, found 0 plugins.
Preloading 0 native plugins for Editor in 0.00 ms.
Mono: successfully reloaded assembly
- Completed reload, in  0.896 seconds
Platform modules already initialized, skipping
Refreshing native plugins compatible for Editor in 0.20 ms, found 0 plugins.
Preloading 0 native plugins for Editor in 0.00 ms.
Unloading 1411 Unused Serialized files (Serialized files now loaded: 0)
System memory in use before: 155.6 MB.
System memory in use after: 155.7 MB.

Unloading 5 unused Assets to reduce memory usage. Loaded Objects now: 2043.
Total: 2.093700 ms (FindLiveObjects: 0.373700 ms CreateObjectMapping: 0.066400 ms MarkObjects: 1.638600 ms  DeleteObjects: 0.014100 ms)

========================================================================
Received Prepare
Registering precompiled user dll's ...
Registered in 0.000504 seconds.
Begin MonoManager ReloadAssembly
Native extension for WindowsStandalone target not found
Native extension for OSXStandalone target not found
Native extension for WebGL target not found
Refreshing native plugins compatible for Editor in 0.20 ms, found 0 plugins.
Preloading 0 native plugins for Editor in 0.00 ms.
Mono: successfully reloaded assembly
- Completed reload, in  0.859 seconds
Platform modules already initialized, skipping
Refreshing native plugins compatible for Editor in 0.20 ms, found 0 plugins.
Preloading 0 native plugins for Editor in 0.00 ms.
Unloading 1412 Unused Serialized files (Serialized files now loaded: 0)
System memory in use before: 155.7 MB.
System memory in use after: 155.8 MB.

Unloading 5 unused Assets to reduce memory usage. Loaded Objects now: 2047.
Total: 1.484300 ms (FindLiveObjects: 0.144100 ms CreateObjectMapping: 0.046000 ms MarkObjects: 1.280700 ms  DeleteObjects: 0.012400 ms)

========================================================================
Received Import Request.
  Time since last request: 30.927561 seconds.
  path: Assets/ExitGame.cs
  artifactKey: Guid(40362ee2e557ab849be67b5940032b7c) Importer(815301076,1909f56bfc062723c751e8b465ee728b)
Start importing Assets/ExitGame.cs using Guid(40362ee2e557ab849be67b5940032b7c) Importer(815301076,1909f56bfc062723c751e8b465ee728b)  -> (artifact id: 'f9ffde2b838d916ba636c4f00941febc') in 0.047760 seconds
  Import took 0.054765 seconds .

========================================================================
Received Prepare
Registering precompiled user dll's ...
Registered in 0.000522 seconds.
Begin MonoManager ReloadAssembly
Native extension for WindowsStandalone target not found
Native extension for OSXStandalone target not found
Native extension for WebGL target not found
Refreshing native plugins compatible for Editor in 0.20 ms, found 0 plugins.
Preloading 0 native plugins for Editor in 0.00 ms.
Mono: successfully reloaded assembly
- Completed reload, in  0.805 seconds
Platform modules already initialized, skipping
Refreshing native plugins compatible for Editor in 0.20 ms, found 0 plugins.
Preloading 0 native plugins for Editor in 0.00 ms.
Unloading 1412 Unused Serialized files (Serialized files now loaded: 0)
System memory in use before: 155.7 MB.
System memory in use after: 155.8 MB.

Unloading 5 unused Assets to reduce memory usage. Loaded Objects now: 2050.
Total: 1.831200 ms (FindLiveObjects: 0.331500 ms CreateObjectMapping: 0.056300 ms MarkObjects: 1.431000 ms  DeleteObjects: 0.011500 ms)

========================================================================
Received Import Request.
  Time since last request: 5.356794 seconds.
  path: Assets/Scripts/Misc Scripts/SceneLoader.cs
  artifactKey: Guid(187669a785d51a04081be89d0893b600) Importer(815301076,1909f56bfc062723c751e8b465ee728b)
Start importing Assets/Scripts/Misc Scripts/SceneLoader.cs using Guid(187669a785d51a04081be89d0893b600) Importer(815301076,1909f56bfc062723c751e8b465ee728b)  -> (artifact id: '7a9322cfa3ebf8a8ee83376f9eb4da07') in 0.007963 seconds
  Import took 0.025801 seconds .

========================================================================
Received Import Request.
  Time since last request: 0.450859 seconds.
  path: Assets/Scripts/Misc Scripts/ResumeButton.cs
  artifactKey: Guid(c062e285031d4034aafc7f18d5c9c334) Importer(815301076,1909f56bfc062723c751e8b465ee728b)
Start importing Assets/Scripts/Misc Scripts/ResumeButton.cs using Guid(c062e285031d4034aafc7f18d5c9c334) Importer(815301076,1909f56bfc062723c751e8b465ee728b)  -> (artifact id: 'd6b1d47efa4a83483b2fffa33da5a6f3') in 0.009180 seconds
  Import took 0.017674 seconds .

========================================================================
Received Prepare
Registering precompiled user dll's ...
Registered in 0.000537 seconds.
Begin MonoManager ReloadAssembly
Native extension for WindowsStandalone target not found
Native extension for OSXStandalone target not found
Native extension for WebGL target not found
Refreshing native plugins compatible for Editor in 0.20 ms, found 0 plugins.
Preloading 0 native plugins for Editor in 0.00 ms.
Mono: successfully reloaded assembly
- Completed reload, in  0.747 seconds
Platform modules already initialized, skipping
Refreshing native plugins compatible for Editor in 0.28 ms, found 0 plugins.
Preloading 0 native plugins for Editor in 0.00 ms.
Unloading 1412 Unused Serialized files (Serialized files now loaded: 0)
System memory in use before: 155.7 MB.
System memory in use after: 155.8 MB.

Unloading 5 unused Assets to reduce memory usage. Loaded Objects now: 2053.
Total: 1.574800 ms (FindLiveObjects: 0.131700 ms CreateObjectMapping: 0.043000 ms MarkObjects: 1.386000 ms  DeleteObjects: 0.012400 ms)

========================================================================
Received Prepare
Registering precompiled user dll's ...
Registered in 0.000512 seconds.
Begin MonoManager ReloadAssembly
Native extension for WindowsStandalone target not found
Native extension for OSXStandalone target not found
Native extension for WebGL target not found
Refreshing native plugins compatible for Editor in 0.27 ms, found 0 plugins.
Preloading 0 native plugins for Editor in 0.00 ms.
Mono: successfully reloaded assembly
- Completed reload, in  0.904 seconds
Platform modules already initialized, skipping
Refreshing native plugins compatible for Editor in 0.20 ms, found 0 plugins.
Preloading 0 native plugins for Editor in 0.00 ms.
Unloading 1412 Unused Serialized files (Serialized files now loaded: 0)
System memory in use before: 155.7 MB.
System memory in use after: 155.8 MB.

Unloading 5 unused Assets to reduce memory usage. Loaded Objects now: 2056.
Total: 1.899300 ms (FindLiveObjects: 0.179400 ms CreateObjectMapping: 0.059500 ms MarkObjects: 1.645300 ms  DeleteObjects: 0.014100 ms)

========================================================================
Received Prepare
Registering precompiled user dll's ...
Registered in 0.000834 seconds.
Begin MonoManager ReloadAssembly
Native extension for WindowsStandalone target not found
Native extension for OSXStandalone target not found
Native extension for WebGL target not found
Refreshing native plugins compatible for Editor in 0.21 ms, found 0 plugins.
Preloading 0 native plugins for Editor in 0.00 ms.
Mono: successfully reloaded assembly
- Completed reload, in  1.103 seconds
Platform modules already initialized, skipping
Refreshing native plugins compatible for Editor in 0.27 ms, found 0 plugins.
Preloading 0 native plugins for Editor in 0.00 ms.
Unloading 1412 Unused Serialized files (Serialized files now loaded: 0)
System memory in use before: 155.7 MB.
System memory in use after: 155.8 MB.

Unloading 5 unused Assets to reduce memory usage. Loaded Objects now: 2059.
Total: 1.966300 ms (FindLiveObjects: 0.194800 ms CreateObjectMapping: 0.045600 ms MarkObjects: 1.713300 ms  DeleteObjects: 0.011500 ms)

========================================================================
Received Prepare
Registering precompiled user dll's ...
Registered in 0.000620 seconds.
Begin MonoManager ReloadAssembly
Native extension for WindowsStandalone target not found
Native extension for OSXStandalone target not found
Native extension for WebGL target not found
Refreshing native plugins compatible for Editor in 0.21 ms, found 0 plugins.
Preloading 0 native plugins for Editor in 0.00 ms.
Mono: successfully reloaded assembly
- Completed reload, in  0.785 seconds
Platform modules already initialized, skipping
Refreshing native plugins compatible for Editor in 0.35 ms, found 0 plugins.
Preloading 0 native plugins for Editor in 0.00 ms.
Unloading 1412 Unused Serialized files (Serialized files now loaded: 0)
System memory in use before: 155.7 MB.
System memory in use after: 155.8 MB.

Unloading 5 unused Assets to reduce memory usage. Loaded Objects now: 2062.
Total: 2.169400 ms (FindLiveObjects: 0.156000 ms CreateObjectMapping: 0.051500 ms MarkObjects: 1.948100 ms  DeleteObjects: 0.012800 ms)

========================================================================
Received Prepare
Registering precompiled user dll's ...
Registered in 0.005437 seconds.
Begin MonoManager ReloadAssembly
Native extension for WindowsStandalone target not found
Native extension for OSXStandalone target not found
Native extension for WebGL target not found
Refreshing native plugins compatible for Editor in 0.20 ms, found 0 plugins.
Preloading 0 native plugins for Editor in 0.00 ms.
Mono: successfully reloaded assembly
- Completed reload, in  0.785 seconds
Platform modules already initialized, skipping
Refreshing native plugins compatible for Editor in 0.20 ms, found 0 plugins.
Preloading 0 native plugins for Editor in 0.00 ms.
Unloading 1412 Unused Serialized files (Serialized files now loaded: 0)
System memory in use before: 155.7 MB.
System memory in use after: 155.8 MB.

Unloading 5 unused Assets to reduce memory usage. Loaded Objects now: 2065.
Total: 1.512200 ms (FindLiveObjects: 0.133200 ms CreateObjectMapping: 0.043200 ms MarkObjects: 1.322600 ms  DeleteObjects: 0.012100 ms)

========================================================================
Received Prepare
Registering precompiled user dll's ...
Registered in 0.000515 seconds.
Begin MonoManager ReloadAssembly
Native extension for WindowsStandalone target not found
Native extension for OSXStandalone target not found
Native extension for WebGL target not found
Refreshing native plugins compatible for Editor in 0.21 ms, found 0 plugins.
Preloading 0 native plugins for Editor in 0.00 ms.
Mono: successfully reloaded assembly
- Completed reload, in  0.808 seconds
Platform modules already initialized, skipping
Refreshing native plugins compatible for Editor in 0.20 ms, found 0 plugins.
Preloading 0 native plugins for Editor in 0.00 ms.
Unloading 1412 Unused Serialized files (Serialized files now loaded: 0)
System memory in use before: 155.7 MB.
System memory in use after: 155.8 MB.

Unloading 5 unused Assets to reduce memory usage. Loaded Objects now: 2068.
Total: 1.713500 ms (FindLiveObjects: 0.148900 ms CreateObjectMapping: 0.051100 ms MarkObjects: 1.500100 ms  DeleteObjects: 0.012200 ms)

========================================================================
Received Prepare
Registering precompiled user dll's ...
Registered in 0.000504 seconds.
Begin MonoManager ReloadAssembly
Native extension for WindowsStandalone target not found
Native extension for OSXStandalone target not found
Native extension for WebGL target not found
Refreshing native plugins compatible for Editor in 0.20 ms, found 0 plugins.
Preloading 0 native plugins for Editor in 0.00 ms.
Mono: successfully reloaded assembly
- Completed reload, in  0.757 seconds
Platform modules already initialized, skipping
Refreshing native plugins compatible for Editor in 0.21 ms, found 0 plugins.
Preloading 0 native plugins for Editor in 0.00 ms.
Unloading 1412 Unused Serialized files (Serialized files now loaded: 0)
System memory in use before: 155.7 MB.
System memory in use after: 155.8 MB.

Unloading 5 unused Assets to reduce memory usage. Loaded Objects now: 2071.
Total: 1.458700 ms (FindLiveObjects: 0.156300 ms CreateObjectMapping: 0.051700 ms MarkObjects: 1.238100 ms  DeleteObjects: 0.011500 ms)

========================================================================
Received Prepare
Refreshing native plugins compatible for Editor in 0.52 ms, found 0 plugins.
Preloading 0 native plugins for Editor in 0.00 ms.
Unloading 2 Unused Serialized files (Serialized files now loaded: 0)
System memory in use before: 127.8 MB.
System memory in use after: 127.9 MB.

Unloading 2 unused Assets to reduce memory usage. Loaded Objects now: 2071.
Total: 1.968800 ms (FindLiveObjects: 0.155500 ms CreateObjectMapping: 0.054400 ms MarkObjects: 1.744300 ms  DeleteObjects: 0.013600 ms)

AssetImportWorkerClient::OnTransportError - code=2 error=End of file
